Determining if the pthread_create exist failed with the following output:
Change Dir: /home/kollaada/MyPlugin/build/CMakeFiles/CMakeTmp

Run Build Command:"/usr/bin/make" "cmTC_b7336/fast"
/usr/bin/make -f CMakeFiles/cmTC_b7336.dir/build.make CMakeFiles/cmTC_b7336.dir/build
make[1]: Entering directory '/home/kollaada/MyPlugin/build/CMakeFiles/CMakeTmp'
Building C object CMakeFiles/cmTC_b7336.dir/CheckSymbolExists.c.o
/usr/bin/cc   -Wall  -O3 -march=native     -o CMakeFiles/cmTC_b7336.dir/CheckSymbolExists.c.o   -c /home/kollaada/MyPlugin/build/CMakeFiles/CMakeTmp/CheckSymbolExists.c
Linking C executable cmTC_b7336
/usr/bin/cmake -E cmake_link_script CMakeFiles/cmTC_b7336.dir/link.txt --verbose=1
/usr/bin/cc   -Wall  -O3 -march=native      -rdynamic CMakeFiles/cmTC_b7336.dir/CheckSymbolExists.c.o  -o cmTC_b7336 
CMakeFiles/cmTC_b7336.dir/CheckSymbolExists.c.o: In function `main':
CheckSymbolExists.c:(.text.startup+0x3): undefined reference to `pthread_create'
collect2: error: ld returned 1 exit status
CMakeFiles/cmTC_b7336.dir/build.make:97: recipe for target 'cmTC_b7336' failed
make[1]: *** [cmTC_b7336] Error 1
make[1]: Leaving directory '/home/kollaada/MyPlugin/build/CMakeFiles/CMakeTmp'
Makefile:126: recipe for target 'cmTC_b7336/fast' failed
make: *** [cmTC_b7336/fast] Error 2

File /home/kollaada/MyPlugin/build/CMakeFiles/CMakeTmp/CheckSymbolExists.c:
/* */
#include <pthread.h>

int main(int argc, char** argv)
{
  (void)argv;
#ifndef pthread_create
  return ((int*)(&pthread_create))[argc];
#else
  (void)argc;
  return 0;
#endif
}

Determining if the function pthread_create exists in the pthreads failed with the following output:
Change Dir: /home/kollaada/MyPlugin/build/CMakeFiles/CMakeTmp

Run Build Command:"/usr/bin/make" "cmTC_d4b86/fast"
/usr/bin/make -f CMakeFiles/cmTC_d4b86.dir/build.make CMakeFiles/cmTC_d4b86.dir/build
make[1]: Entering directory '/home/kollaada/MyPlugin/build/CMakeFiles/CMakeTmp'
Building C object CMakeFiles/cmTC_d4b86.dir/CheckFunctionExists.c.o
/usr/bin/cc   -Wall  -O3 -march=native  -DCHECK_FUNCTION_EXISTS=pthread_create   -o CMakeFiles/cmTC_d4b86.dir/CheckFunctionExists.c.o   -c /usr/share/cmake-3.10/Modules/CheckFunctionExists.c
Linking C executable cmTC_d4b86
/usr/bin/cmake -E cmake_link_script CMakeFiles/cmTC_d4b86.dir/link.txt --verbose=1
/usr/bin/cc   -Wall  -O3 -march=native  -DCHECK_FUNCTION_EXISTS=pthread_create    -rdynamic CMakeFiles/cmTC_d4b86.dir/CheckFunctionExists.c.o  -o cmTC_d4b86 -lpthreads 
/usr/bin/ld: cannot find -lpthreads
collect2: error: ld returned 1 exit status
CMakeFiles/cmTC_d4b86.dir/build.make:97: recipe for target 'cmTC_d4b86' failed
make[1]: *** [cmTC_d4b86] Error 1
make[1]: Leaving directory '/home/kollaada/MyPlugin/build/CMakeFiles/CMakeTmp'
Makefile:126: recipe for target 'cmTC_d4b86/fast' failed
make: *** [cmTC_d4b86/fast] Error 2


